2023-07-14 07:51:03.353 [info] Log level: Info
2023-07-14 07:51:03.353 [info] Validating found git in: "git"
2023-07-14 07:51:03.353 [info] Using git "2.25.1" from "git"
2023-07-14 07:51:03.353 [info] > git rev-parse --show-toplevel [36ms]
2023-07-14 07:51:03.353 [info] > git rev-parse --git-dir --git-common-dir [1ms]
2023-07-14 07:51:03.353 [info] Open repository: /root
2023-07-14 07:51:03.353 [info] > git rev-parse --show-toplevel [7ms]
2023-07-14 07:51:03.353 [info] > git config --get commit.template [6ms]
2023-07-14 07:51:03.353 [info] > git rev-parse --show-toplevel [8ms]
2023-07-14 07:51:03.353 [info] > git for-each-ref --format=%(refname)%00%(upstream:short)%00%(objectname)%00%(upstream:track)%00%(upstream:remotename)%00%(upstream:remoteref) refs/heads/master refs/remotes/master [6ms]
2023-07-14 07:51:03.353 [info] > git rev-parse --show-toplevel [7ms]
2023-07-14 07:51:03.353 [info] > git rev-parse --show-toplevel [4ms]
2023-07-14 07:51:03.353 [info] > git rev-parse --show-toplevel [5ms]
2023-07-14 07:51:03.353 [info] > git rev-parse --show-toplevel [2ms]
2023-07-14 07:51:03.353 [info] > git status -z -uall [40ms]
2023-07-14 07:51:03.353 [info] > git rev-parse --show-toplevel [14ms]
2023-07-14 07:51:03.353 [info] > git config --get commit.template [27ms]
2023-07-14 07:51:03.353 [info] > git for-each-ref --format=%(refname)%00%(upstream:short)%00%(objectname)%00%(upstream:track)%00%(upstream:remotename)%00%(upstream:remoteref) refs/heads/master refs/remotes/master [85ms]
2023-07-14 07:51:03.353 [info] > git status -z -uall [69ms]
2023-07-14 07:51:04.147 [info] > git check-ignore -v -z --stdin [8ms]
2023-07-14 07:51:04.444 [info] > git show --textconv :servicenodeport.yml [7ms]
2023-07-14 07:51:04.446 [info] > git ls-files --stage -- /root/servicenodeport.yml [3ms]
2023-07-14 07:51:04.454 [info] > git cat-file -s 08030fc54361c07ef080ff70d5570cff6bee45aa [2ms]
2023-07-14 07:51:04.662 [info] > git check-ignore -v -z --stdin [3ms]
2023-07-14 07:51:09.287 [info] > git config --get commit.template [8ms]
2023-07-14 07:51:09.288 [info] > git for-each-ref --format=%(refname)%00%(upstream:short)%00%(objectname)%00%(upstream:track)%00%(upstream:remotename)%00%(upstream:remoteref) refs/heads/master refs/remotes/master [2ms]
2023-07-14 07:51:09.321 [info] > git status -z -uall [28ms]
2023-07-14 07:51:12.176 [info] > git check-ignore -v -z --stdin [1ms]
2023-07-14 07:51:14.371 [info] > git config --get commit.template [8ms]
2023-07-14 07:51:14.371 [info] > git for-each-ref --format=%(refname)%00%(upstream:short)%00%(objectname)%00%(upstream:track)%00%(upstream:remotename)%00%(upstream:remoteref) refs/heads/master refs/remotes/master [1ms]
2023-07-14 07:51:14.401 [info] > git status -z -uall [23ms]
2023-07-14 07:51:16.815 [info] > git show --textconv :service.yml [7ms]
2023-07-14 07:51:16.817 [info] > git ls-files --stage -- /root/service.yml [3ms]
2023-07-14 07:51:16.824 [info] > git cat-file -s aa279e0ff42aa3035913052220be5bb7a56d414b [2ms]
2023-07-14 07:51:17.542 [info] > git show --textconv :deployment1.yml [8ms]
2023-07-14 07:51:17.544 [info] > git ls-files --stage -- /root/deployment1.yml [3ms]
2023-07-14 07:51:17.551 [info] > git cat-file -s f5560ba8e41e65758005c585d72f14715bd8acd7 [1ms]
2023-07-14 07:51:19.446 [info] > git config --get commit.template [7ms]
2023-07-14 07:51:19.446 [info] > git for-each-ref --format=%(refname)%00%(upstream:short)%00%(objectname)%00%(upstream:track)%00%(upstream:remotename)%00%(upstream:remoteref) refs/heads/master refs/remotes/master [1ms]
2023-07-14 07:51:19.475 [info] > git status -z -uall [23ms]
2023-07-14 07:51:24.520 [info] > git config --get commit.template [2ms]
2023-07-14 07:51:24.527 [info] > git for-each-ref --format=%(refname)%00%(upstream:short)%00%(objectname)%00%(upstream:track)%00%(upstream:remotename)%00%(upstream:remoteref) refs/heads/master refs/remotes/master [1ms]
2023-07-14 07:51:24.556 [info] > git status -z -uall [23ms]
2023-07-14 07:51:26.309 [info] > git show --textconv :.viminfo [7ms]
2023-07-14 07:51:26.310 [info] > git ls-files --stage -- /root/.viminfo [2ms]
2023-07-14 07:51:26.317 [info] > git cat-file -s c72a7876b1699960fc7d1f4daba19d4317cc4e5e [1ms]
2023-07-14 07:51:29.601 [info] > git config --get commit.template [7ms]
2023-07-14 07:51:29.601 [info] > git for-each-ref --format=%(refname)%00%(upstream:short)%00%(objectname)%00%(upstream:track)%00%(upstream:remotename)%00%(upstream:remoteref) refs/heads/master refs/remotes/master [1ms]
2023-07-14 07:51:29.634 [info] > git status -z -uall [27ms]
2023-07-14 07:51:34.674 [info] > git config --get commit.template [3ms]
2023-07-14 07:51:34.681 [info] > git for-each-ref --format=%(refname)%00%(upstream:short)%00%(objectname)%00%(upstream:track)%00%(upstream:remotename)%00%(upstream:remoteref) refs/heads/master refs/remotes/master [1ms]
2023-07-14 07:51:34.724 [info] > git status -z -uall [37ms]
2023-07-14 07:51:35.414 [info] > git check-ignore -v -z --stdin [42ms]
2023-07-14 07:51:39.404 [info] > git check-ignore -v -z --stdin [2ms]
2023-07-14 07:51:39.792 [info] > git config --get commit.template [3ms]
2023-07-14 07:51:39.802 [info] > git for-each-ref --format=%(refname)%00%(upstream:short)%00%(objectname)%00%(upstream:track)%00%(upstream:remotename)%00%(upstream:remoteref) refs/heads/master refs/remotes/master [1ms]
2023-07-14 07:51:39.834 [info] > git status -z -uall [26ms]
2023-07-14 07:51:39.927 [info] > git check-ignore -v -z --stdin [2ms]
2023-07-14 07:51:44.883 [info] > git config --get commit.template [8ms]
2023-07-14 07:51:44.884 [info] > git for-each-ref --format=%(refname)%00%(upstream:short)%00%(objectname)%00%(upstream:track)%00%(upstream:remotename)%00%(upstream:remoteref) refs/heads/master refs/remotes/master [2ms]
2023-07-14 07:51:44.917 [info] > git status -z -uall [27ms]
2023-07-14 07:51:48.023 [info] > git branch [1ms]
2023-07-14 07:51:48.037 [info] > git rm --cached -r -- . [8ms]
2023-07-14 07:51:48.037 [info] error: the following files have staged content different from both the
file and the HEAD:
    .vscode-server/data/CachedProfilesData/__default__profile__/extensions.builtin.cache
    .vscode-server/data/CachedProfilesData/__default__profile__/extensions.user.cache
    .vscode-server/data/User/workspaceStorage/8ba2764fd2aa558d03f3bdb5f8edad26/vscode.lock
    .vscode-server/data/logs/20230714T052406/remoteagent.log
    .wget-hsts
(use -f to force removal)
2023-07-14 07:51:48.053 [info] > git config --get commit.template [7ms]
2023-07-14 07:51:48.053 [info] > git for-each-ref --format=%(refname)%00%(upstream:short)%00%(objectname)%00%(upstream:track)%00%(upstream:remotename)%00%(upstream:remoteref) refs/heads/master refs/remotes/master [1ms]
2023-07-14 07:51:48.081 [info] > git status -z -uall [22ms]
2023-07-14 07:51:50.748 [info] > git config --get commit.template [8ms]
2023-07-14 07:51:50.748 [info] > git for-each-ref --format=%(refname)%00%(upstream:short)%00%(objectname)%00%(upstream:track)%00%(upstream:remotename)%00%(upstream:remoteref) refs/heads/master refs/remotes/master [1ms]
2023-07-14 07:51:50.778 [info] > git status -z -uall [23ms]
2023-07-14 07:51:55.826 [info] > git config --get commit.template [7ms]
2023-07-14 07:51:55.826 [info] > git for-each-ref --format=%(refname)%00%(upstream:short)%00%(objectname)%00%(upstream:track)%00%(upstream:remotename)%00%(upstream:remoteref) refs/heads/master refs/remotes/master [1ms]
2023-07-14 07:51:55.855 [info] > git status -z -uall [23ms]
2023-07-14 07:51:56.462 [info] > git branch [3ms]
2023-07-14 07:51:56.481 [info] > git rm --cached -r -- . [12ms]
2023-07-14 07:51:56.481 [info] error: the following files have staged content different from both the
file and the HEAD:
    .vscode-server/data/CachedProfilesData/__default__profile__/extensions.builtin.cache
    .vscode-server/data/CachedProfilesData/__default__profile__/extensions.user.cache
    .vscode-server/data/User/workspaceStorage/8ba2764fd2aa558d03f3bdb5f8edad26/vscode.lock
    .vscode-server/data/logs/20230714T052406/remoteagent.log
    .wget-hsts
(use -f to force removal)
2023-07-14 07:51:56.492 [info] > git config --get commit.template [3ms]
2023-07-14 07:51:56.503 [info] > git for-each-ref --format=%(refname)%00%(upstream:short)%00%(objectname)%00%(upstream:track)%00%(upstream:remotename)%00%(upstream:remoteref) refs/heads/master refs/remotes/master [4ms]
2023-07-14 07:51:56.548 [info] > git status -z -uall [39ms]
2023-07-14 07:52:00.905 [info] > git config --get commit.template [8ms]
2023-07-14 07:52:00.906 [info] > git for-each-ref --format=%(refname)%00%(upstream:short)%00%(objectname)%00%(upstream:track)%00%(upstream:remotename)%00%(upstream:remoteref) refs/heads/master refs/remotes/master [1ms]
2023-07-14 07:52:00.935 [info] > git status -z -uall [22ms]
2023-07-14 07:52:05.981 [info] > git config --get commit.template [7ms]
2023-07-14 07:52:05.981 [info] > git for-each-ref --format=%(refname)%00%(upstream:short)%00%(objectname)%00%(upstream:track)%00%(upstream:remotename)%00%(upstream:remoteref) refs/heads/master refs/remotes/master [1ms]
2023-07-14 07:52:06.010 [info] > git status -z -uall [23ms]
2023-07-14 07:52:11.053 [info] > git config --get commit.template [1ms]
2023-07-14 07:52:11.061 [info] > git for-each-ref --format=%(refname)%00%(upstream:short)%00%(objectname)%00%(upstream:track)%00%(upstream:remotename)%00%(upstream:remoteref) refs/heads/master refs/remotes/master [1ms]
2023-07-14 07:52:11.090 [info] > git status -z -uall [23ms]
2023-07-14 07:52:16.143 [info] > git config --get commit.template [8ms]
2023-07-14 07:52:16.143 [info] > git for-each-ref --format=%(refname)%00%(upstream:short)%00%(objectname)%00%(upstream:track)%00%(upstream:remotename)%00%(upstream:remoteref) refs/heads/master refs/remotes/master [1ms]
2023-07-14 07:52:16.183 [info] > git status -z -uall [33ms]
2023-07-14 07:52:21.251 [info] > git config --get commit.template [8ms]
2023-07-14 07:52:21.251 [info] > git for-each-ref --format=%(refname)%00%(upstream:short)%00%(objectname)%00%(upstream:track)%00%(upstream:remotename)%00%(upstream:remoteref) refs/heads/master refs/remotes/master [1ms]
2023-07-14 07:52:21.281 [info] > git status -z -uall [23ms]
2023-07-14 07:52:26.339 [info] > git config --get commit.template [20ms]
2023-07-14 07:52:26.379 [info] > git for-each-ref --format=%(refname)%00%(upstream:short)%00%(objectname)%00%(upstream:track)%00%(upstream:remotename)%00%(upstream:remoteref) refs/heads/master refs/remotes/master [13ms]
2023-07-14 07:52:26.417 [info] > git status -z -uall [31ms]
2023-07-14 07:52:26.488 [info] > git check-ignore -v -z --stdin [4ms]
2023-07-14 07:52:31.464 [info] > git config --get commit.template [7ms]
2023-07-14 07:52:31.464 [info] > git for-each-ref --format=%(refname)%00%(upstream:short)%00%(objectname)%00%(upstream:track)%00%(upstream:remotename)%00%(upstream:remoteref) refs/heads/master refs/remotes/master [1ms]
2023-07-14 07:52:31.494 [info] > git status -z -uall [25ms]
2023-07-14 07:52:36.543 [info] > git config --get commit.template [8ms]
2023-07-14 07:52:36.544 [info] > git for-each-ref --format=%(refname)%00%(upstream:short)%00%(objectname)%00%(upstream:track)%00%(upstream:remotename)%00%(upstream:remoteref) refs/heads/master refs/remotes/master [1ms]
2023-07-14 07:52:36.573 [info] > git status -z -uall [23ms]
2023-07-14 07:52:41.627 [info] > git config --get commit.template [16ms]
2023-07-14 07:52:41.644 [info] > git for-each-ref --format=%(refname)%00%(upstream:short)%00%(objectname)%00%(upstream:track)%00%(upstream:remotename)%00%(upstream:remoteref) refs/heads/master refs/remotes/master [9ms]
2023-07-14 07:52:41.690 [info] > git status -z -uall [31ms]
2023-07-14 07:52:46.735 [info] > git config --get commit.template [7ms]
2023-07-14 07:52:46.735 [info] > git for-each-ref --format=%(refname)%00%(upstream:short)%00%(objectname)%00%(upstream:track)%00%(upstream:remotename)%00%(upstream:remoteref) refs/heads/master refs/remotes/master [1ms]
2023-07-14 07:52:46.770 [info] > git status -z -uall [29ms]
2023-07-14 07:52:51.850 [info] > git config --get commit.template [7ms]
2023-07-14 07:52:51.850 [info] > git for-each-ref --format=%(refname)%00%(upstream:short)%00%(objectname)%00%(upstream:track)%00%(upstream:remotename)%00%(upstream:remoteref) refs/heads/master refs/remotes/master [1ms]
2023-07-14 07:52:51.882 [info] > git status -z -uall [25ms]
2023-07-14 07:52:56.926 [info] > git config --get commit.template [1ms]
2023-07-14 07:52:56.934 [info] > git for-each-ref --format=%(refname)%00%(upstream:short)%00%(objectname)%00%(upstream:track)%00%(upstream:remotename)%00%(upstream:remoteref) refs/heads/master refs/remotes/master [1ms]
2023-07-14 07:52:56.962 [info] > git status -z -uall [22ms]
2023-07-14 07:53:03.500 [info] > git config --get commit.template [7ms]
2023-07-14 07:53:03.501 [info] > git for-each-ref --format=%(refname)%00%(upstream:short)%00%(objectname)%00%(upstream:track)%00%(upstream:remotename)%00%(upstream:remoteref) refs/heads/master refs/remotes/master [1ms]
2023-07-14 07:53:03.532 [info] > git status -z -uall [25ms]
2023-07-14 07:53:08.594 [info] > git config --get commit.template [1ms]
2023-07-14 07:53:08.601 [info] > git for-each-ref --format=%(refname)%00%(upstream:short)%00%(objectname)%00%(upstream:track)%00%(upstream:remotename)%00%(upstream:remoteref) refs/heads/master refs/remotes/master [1ms]
2023-07-14 07:53:08.630 [info] > git status -z -uall [22ms]
2023-07-14 07:53:13.673 [info] > git config --get commit.template [2ms]
2023-07-14 07:53:13.692 [info] > git for-each-ref --format=%(refname)%00%(upstream:short)%00%(objectname)%00%(upstream:track)%00%(upstream:remotename)%00%(upstream:remoteref) refs/heads/master refs/remotes/master [10ms]
2023-07-14 07:53:13.745 [info] > git status -z -uall [45ms]
