2023-07-14 05:24:53.510 [info] Log level: Info
2023-07-14 05:24:53.510 [info] Validating found git in: "git"
2023-07-14 05:24:53.510 [info] Using git "2.25.1" from "git"
2023-07-14 05:24:53.510 [info] > git rev-parse --show-toplevel [11ms]
2023-07-14 05:24:53.510 [info] fatal: not a git repository (or any of the parent directories): .git
2023-07-14 05:24:53.511 [info] > git rev-parse --show-toplevel [1ms]
2023-07-14 05:24:53.511 [info] fatal: not a git repository (or any of the parent directories): .git
2023-07-14 05:24:53.511 [info] > git rev-parse --show-toplevel [1ms]
2023-07-14 05:24:53.511 [info] fatal: not a git repository (or any of the parent directories): .git
2023-07-14 05:24:53.511 [info] > git rev-parse --show-toplevel [1ms]
2023-07-14 05:24:53.511 [info] fatal: not a git repository (or any of the parent directories): .git
2023-07-14 05:24:53.511 [info] > git rev-parse --show-toplevel [1ms]
2023-07-14 05:24:53.511 [info] fatal: not a git repository (or any of the parent directories): .git
2023-07-14 05:24:53.511 [info] > git rev-parse --show-toplevel [1ms]
2023-07-14 05:24:53.511 [info] fatal: not a git repository (or any of the parent directories): .git
2023-07-14 05:24:53.511 [info] > git rev-parse --show-toplevel [1ms]
2023-07-14 05:24:53.511 [info] fatal: not a git repository (or any of the parent directories): .git
2023-07-14 05:24:53.511 [info] > git rev-parse --show-toplevel [1ms]
2023-07-14 05:24:53.511 [info] fatal: not a git repository (or any of the parent directories): .git
2023-07-14 05:24:53.511 [info] > git rev-parse --show-toplevel [2ms]
2023-07-14 05:24:53.511 [info] fatal: not a git repository (or any of the parent directories): .git
2023-07-14 05:25:39.164 [info] > git rev-parse --show-toplevel [1ms]
2023-07-14 05:25:39.164 [info] fatal: not a git repository (or any of the parent directories): .git
2023-07-14 05:26:18.638 [info] > git rev-parse --show-toplevel [1ms]
2023-07-14 05:26:18.639 [info] fatal: not a git repository (or any of the parent directories): .git
2023-07-14 05:31:54.014 [info] > git rev-parse --show-toplevel [2ms]
2023-07-14 05:31:54.014 [info] fatal: not a git repository (or any of the parent directories): .git
2023-07-14 06:04:05.689 [info] > git rev-parse --show-toplevel [2ms]
2023-07-14 06:04:05.689 [info] fatal: not a git repository (or any of the parent directories): .git
2023-07-14 06:04:54.445 [info] > git rev-parse --show-toplevel [1ms]
2023-07-14 06:04:54.445 [info] fatal: not a git repository (or any of the parent directories): .git
2023-07-14 06:05:21.542 [info] > git rev-parse --show-toplevel [1ms]
2023-07-14 06:05:21.542 [info] fatal: not a git repository (or any of the parent directories): .git
2023-07-14 06:05:27.150 [info] > git rev-parse --show-toplevel [0ms]
2023-07-14 06:05:27.150 [info] fatal: not a git repository (or any of the parent directories): .git
2023-07-14 06:05:31.255 [info] > git rev-parse --show-toplevel [1ms]
2023-07-14 06:05:31.255 [info] fatal: not a git repository (or any of the parent directories): .git
2023-07-14 06:05:32.470 [info] > git rev-parse --show-toplevel [2ms]
2023-07-14 06:05:32.470 [info] fatal: not a git repository (or any of the parent directories): .git
2023-07-14 06:08:08.798 [info] > git rev-parse --show-toplevel [1ms]
2023-07-14 06:08:08.799 [info] fatal: not a git repository (or any of the parent directories): .git
2023-07-14 06:08:12.476 [info] > git rev-parse --show-toplevel [1ms]
2023-07-14 06:08:12.476 [info] fatal: not a git repository (or any of the parent directories): .git
2023-07-14 06:08:15.054 [info] > git rev-parse --show-toplevel [0ms]
2023-07-14 06:08:15.054 [info] fatal: not a git repository (or any of the parent directories): .git
2023-07-14 06:09:28.697 [info] > git rev-parse --show-toplevel [2ms]
2023-07-14 06:09:28.697 [info] fatal: not a git repository (or any of the parent directories): .git
2023-07-14 06:56:38.788 [info] > git rev-parse --show-toplevel [1ms]
2023-07-14 06:56:38.788 [info] fatal: not a git repository (or any of the parent directories): .git
2023-07-14 06:56:49.812 [info] > git rev-parse --show-toplevel [1ms]
2023-07-14 06:56:49.812 [info] fatal: not a git repository (or any of the parent directories): .git
2023-07-14 07:14:27.407 [info] > git rev-parse --show-toplevel [2ms]
2023-07-14 07:14:27.407 [info] fatal: not a git repository (or any of the parent directories): .git
2023-07-14 07:14:38.808 [info] > git rev-parse --show-toplevel [1ms]
2023-07-14 07:14:38.808 [info] fatal: not a git repository (or any of the parent directories): .git
2023-07-14 07:30:09.268 [info] > git init [14ms]
2023-07-14 07:30:09.884 [info] > git rev-parse --show-toplevel [1ms]
2023-07-14 07:30:09.890 [info] > git rev-parse --git-dir --git-common-dir [1ms]
2023-07-14 07:30:09.904 [info] Open repository: /root
2023-07-14 07:30:09.915 [info] > git config --get commit.template [2ms]
2023-07-14 07:30:09.920 [info] No remotes found in the git config file.
2023-07-14 07:30:09.921 [info] > git for-each-ref --format=%(refname)%00%(upstream:short)%00%(objectname)%00%(upstream:track)%00%(upstream:remotename)%00%(upstream:remoteref) refs/heads/master refs/remotes/master [2ms]
2023-07-14 07:30:09.942 [info] > git status -z -uall [15ms]
2023-07-14 07:30:10.304 [info] > git config --get commit.template [303ms]
2023-07-14 07:30:10.326 [info] No remotes found in the git config file.
2023-07-14 07:30:10.327 [info] > git for-each-ref --format=%(refname)%00%(upstream:short)%00%(objectname)%00%(upstream:track)%00%(upstream:remotename)%00%(upstream:remoteref) refs/heads/master refs/remotes/master [2ms]
2023-07-14 07:30:10.392 [info] > git status -z -uall [60ms]
2023-07-14 07:30:10.846 [info] > git show --textconv :deployment1.yml [40ms]
2023-07-14 07:30:10.846 [info] > git show --textconv :service.yml [34ms]
2023-07-14 07:30:10.847 [info] > git show --textconv :mydeployment.yml [30ms]
2023-07-14 07:30:10.847 [info] > git show --textconv :servicenodeport.yml [25ms]
2023-07-14 07:30:10.847 [info] > git ls-files --stage -- /root/servicenodeport.yml [3ms]
2023-07-14 07:30:10.848 [info] > git ls-files --stage -- /root/mydeployment.yml [9ms]
2023-07-14 07:30:10.848 [info] > git ls-files --stage -- /root/service.yml [14ms]
2023-07-14 07:30:10.849 [info] > git ls-files --stage -- /root/deployment1.yml [21ms]
2023-07-14 07:30:11.293 [info] > git check-ignore -v -z --stdin [2ms]
2023-07-14 07:30:13.001 [info] > git check-ignore -v -z --stdin [1ms]
2023-07-14 07:30:14.914 [info] No remotes found in the git config file.
2023-07-14 07:30:14.915 [info] > git config --get commit.template [7ms]
2023-07-14 07:30:14.916 [info] > git for-each-ref --format=%(refname)%00%(upstream:short)%00%(objectname)%00%(upstream:track)%00%(upstream:remotename)%00%(upstream:remoteref) refs/heads/master refs/remotes/master [2ms]
2023-07-14 07:30:14.935 [info] > git status -z -uall [14ms]
2023-07-14 07:30:17.767 [info] > git check-ignore -v -z --stdin [1ms]
2023-07-14 07:30:19.212 [info] > git check-ignore -v -z --stdin [1ms]
2023-07-14 07:30:19.971 [info] No remotes found in the git config file.
2023-07-14 07:30:19.972 [info] > git for-each-ref --format=%(refname)%00%(upstream:short)%00%(objectname)%00%(upstream:track)%00%(upstream:remotename)%00%(upstream:remoteref) refs/heads/master refs/remotes/master [2ms]
2023-07-14 07:30:19.972 [info] > git config --get commit.template [7ms]
2023-07-14 07:30:19.991 [info] > git status -z -uall [13ms]
2023-07-14 07:30:22.544 [info] > git show --textconv HEAD:servicenodeport.yml [6ms]
2023-07-14 07:30:22.545 [info] > git ls-tree -l HEAD -- /root/servicenodeport.yml [2ms]
2023-07-14 07:30:22.545 [info] fatal: Not a valid object name HEAD
2023-07-14 07:30:25.027 [info] No remotes found in the git config file.
2023-07-14 07:30:25.027 [info] > git for-each-ref --format=%(refname)%00%(upstream:short)%00%(objectname)%00%(upstream:track)%00%(upstream:remotename)%00%(upstream:remoteref) refs/heads/master refs/remotes/master [1ms]
2023-07-14 07:30:25.028 [info] > git config --get commit.template [7ms]
2023-07-14 07:30:25.047 [info] > git status -z -uall [14ms]
2023-07-14 07:30:34.013 [info] > git ls-tree -l HEAD -- /root/servicenodeport.yml [7ms]
2023-07-14 07:30:34.013 [info] fatal: Not a valid object name HEAD
2023-07-14 07:30:34.014 [info] > git config --get commit.template [2ms]
2023-07-14 07:30:34.020 [info] No remotes found in the git config file.
2023-07-14 07:30:34.021 [info] > git for-each-ref --format=%(refname)%00%(upstream:short)%00%(objectname)%00%(upstream:track)%00%(upstream:remotename)%00%(upstream:remoteref) refs/heads/master refs/remotes/master [1ms]
2023-07-14 07:30:34.046 [info] > git status -z -uall [20ms]
2023-07-14 07:30:59.947 [info] > git check-ignore -v -z --stdin [3ms]
2023-07-14 07:31:33.963 [info] > git add -A -- . [59919ms]
2023-07-14 07:31:33.963 [info] error: file write error: No space left on device
fatal: unable to write loose object file
2023-07-14 07:31:33.974 [info] No remotes found in the git config file.
2023-07-14 07:31:33.975 [info] > git config --get commit.template [6ms]
2023-07-14 07:31:33.975 [info] > git for-each-ref --format=%(refname)%00%(upstream:short)%00%(objectname)%00%(upstream:track)%00%(upstream:remotename)%00%(upstream:remoteref) refs/heads/master refs/remotes/master [1ms]
2023-07-14 07:31:33.994 [info] > git status -z -uall [15ms]
2023-07-14 07:31:34.041 [info] No remotes found in the git config file.
2023-07-14 07:31:34.042 [info] > git config --get commit.template [6ms]
2023-07-14 07:31:34.043 [info] > git for-each-ref --format=%(refname)%00%(upstream:short)%00%(objectname)%00%(upstream:track)%00%(upstream:remotename)%00%(upstream:remoteref) refs/heads/master refs/remotes/master [1ms]
2023-07-14 07:31:34.061 [info] > git status -z -uall [14ms]
2023-07-14 07:32:23.495 [info] > git ls-tree -l HEAD -- /root/servicenodeport.yml [7ms]
2023-07-14 07:32:23.495 [info] fatal: Not a valid object name HEAD
2023-07-14 07:32:23.496 [info] > git config --get commit.template [2ms]
2023-07-14 07:32:23.501 [info] No remotes found in the git config file.
2023-07-14 07:32:23.502 [info] > git for-each-ref --format=%(refname)%00%(upstream:short)%00%(objectname)%00%(upstream:track)%00%(upstream:remotename)%00%(upstream:remoteref) refs/heads/master refs/remotes/master [0ms]
2023-07-14 07:32:23.520 [info] > git status -z -uall [14ms]
2023-07-14 07:32:27.679 [info] > git show --textconv HEAD:deployment.yml [6ms]
2023-07-14 07:32:27.680 [info] > git ls-tree -l HEAD -- /root/deployment.yml [2ms]
2023-07-14 07:32:27.680 [info] fatal: Not a valid object name HEAD
2023-07-14 07:32:28.564 [info] No remotes found in the git config file.
2023-07-14 07:32:28.564 [info] > git for-each-ref --format=%(refname)%00%(upstream:short)%00%(objectname)%00%(upstream:track)%00%(upstream:remotename)%00%(upstream:remoteref) refs/heads/master refs/remotes/master [1ms]
2023-07-14 07:32:28.565 [info] > git config --get commit.template [7ms]
2023-07-14 07:32:28.583 [info] > git status -z -uall [12ms]
2023-07-14 07:32:33.619 [info] No remotes found in the git config file.
2023-07-14 07:32:33.620 [info] > git config --get commit.template [7ms]
2023-07-14 07:32:33.620 [info] > git for-each-ref --format=%(refname)%00%(upstream:short)%00%(objectname)%00%(upstream:track)%00%(upstream:remotename)%00%(upstream:remoteref) refs/heads/master refs/remotes/master [1ms]
2023-07-14 07:32:33.639 [info] > git status -z -uall [12ms]
2023-07-14 07:34:00.738 [info] No remotes found in the git config file.
2023-07-14 07:34:00.739 [info] > git for-each-ref --format=%(refname)%00%(upstream:short)%00%(objectname)%00%(upstream:track)%00%(upstream:remotename)%00%(upstream:remoteref) refs/heads/master refs/remotes/master [0ms]
2023-07-14 07:34:00.739 [info] > git config --get commit.template [8ms]
2023-07-14 07:34:00.756 [info] > git status -z -uall [12ms]
2023-07-14 07:34:05.807 [info] > git config --get commit.template [23ms]
2023-07-14 07:34:05.829 [info] No remotes found in the git config file.
2023-07-14 07:34:05.833 [info] > git for-each-ref --format=%(refname)%00%(upstream:short)%00%(objectname)%00%(upstream:track)%00%(upstream:remotename)%00%(upstream:remoteref) refs/heads/master refs/remotes/master [3ms]
2023-07-14 07:34:05.853 [info] > git status -z -uall [15ms]
2023-07-12023-07-14 07:39:23.417 [info] No remotes found in the git config file.
2023-07-14 07:39:23.418 [info] > git config --get commit.template [26ms]
2023-07-14 07:39:23.435 [info] > git for-each-ref --format=%(refname)%00%(upstream:short)%00%(objectname)%00%(upstream:track)%00%(upstream:remotename)%00%(upstream:remoteref) refs/heads/master refs/remotes/master [18ms]
2023-07-14 07:39:23.463 [info] > git status -z -uall [15ms]
2023-07-14 07:39:29.202 [info] No remotes found in the git config file.
2023-07-14 07:39:29.203 [info] > git config --get commit.template [6ms]
2023-07-14 07:39:29.204 [info] > git for-each-ref --format=%(refname)%00%(upstream:short)%00%(objectname)%00%(upstream:track)%00%(upstream:remotename)%00%(upstream:remoteref) refs/heads/master refs/remotes/master [2ms]
2023-07-14 07:39:29.222 [info] > git status -z -uall [13ms]
2023-07-14 07:39:34.255 [info] No remotes found in the git config file.
2023-07-14 07:39:34.255 [info] > git config --get commit.template [6ms]
2023-07-14 07:39:34.256 [info] > git for-each-ref --format=%(refname)%00%(upstream:short)%00%(objectname)%00%(upstream:track)%00%(upstream:remotename)%00%(upstream:remoteref) refs/heads/master refs/remotes/master [1ms]
2023-07-14 07:39:34.273 [info] > git status -z -uall [12ms]
2023-07-14 07:39:39.309 [info] No remotes found in the git config file.
2023-07-14 07:39:39.309 [info] > git config --get commit.template [7ms]
2023-07-14 07:39:39.310 [info] > git for-each-ref --format=%(refname)%00%(upstream:short)%00%(objectname)%00%(upstream:track)%00%(upstream:remotename)%00%(upstream:remoteref) refs/heads/master refs/remotes/master [2ms]
2023-07-14 07:39:39.328 [info] > git status -z -uall [13ms]
2023-07-14 07:39:44.361 [info] No remotes found in the git config file.
2023-07-14 07:39:44.361 [info] > git config --get commit.template [7ms]
2023-07-14 07:39:44.361 [info] > git for-each-ref --format=%(refname)%00%(upstream:short)%00%(objectname)%00%(upstream:track)%00%(upstream:remotename)%00%(upstream:remoteref) refs/heads/master refs/remotes/master [1ms]
2023-07-14 07:39:44.391 [info] > git status -z -uall [24ms]
2023-07-14 07:39:49.441 [info] No remotes found in the git config file.
2023-07-14 07:39:49.446 [info] > git config --get commit.template [6ms]
2023-07-14 07:39:49.446 [info] > git for-each-ref --format=%(refname)%00%(upstream:short)%00%(objectname)%00%(upstream:track)%00%(upstream:remotename)%00%(upstream:remoteref) refs/heads/master refs/remotes/master [1ms]
2023-07-14 07:39:49.464 [info] > git status -z -uall [13ms]
2023-07-14 07:39:54.497 [info] No remotes found in the git config file.
2023-07-14 07:39:54.498 [info] > git config --get commit.template [7ms]
2023-07-14 07:39:54.498 [info] > git for-each-ref --format=%(refname)%00%(upstream:short)%00%(objectname)%00%(upstream:track)%00%(upstream:remotename)%00%(upstream:remoteref) refs/heads/master refs/remotes/master [1ms]
2023-07-14 07:39:54.517 [info] > git status -z -uall [13ms]
2023-07-14 07:39:59.550 [info] No remotes found in the git config file.
2023-07-14 07:39:59.551 [info] > git config --get commit.template [6ms]
2023-07-14 07:39:59.551 [info] > git for-each-ref --format=%(refname)%00%(upstream:short)%00%(objectname)%00%(upstream:track)%00%(upstream:remotename)%00%(upstream:remoteref) refs/heads/master refs/remotes/master [1ms]
2023-07-14 07:39:59.582 [info] > git status -z -uall [25ms]
2023-07-14 07:40:04.635 [info] No remotes found in the git config file.
2023-07-14 07:40:04.636 [info] > git config --get commit.template [7ms]
2023-07-14 07:40:04.636 [info] > git for-each-ref --format=%(refname)%00%(upstream:short)%00%(objectname)%00%(upstream:track)%00%(upstream:remotename)%00%(upstream:remoteref) refs/heads/master refs/remotes/master [1ms]
2023-07-14 07:40:04.654 [info] > git status -z -uall [12ms]
2023-07-14 07:40:09.687 [info] No remotes found in the git config file.
2023-07-14 07:40:09.687 [info] > git config --get commit.template [6ms]
2023-07-14 07:40:09.688 [info] > git for-each-ref --format=%(refname)%00%(upstream:short)%00%(objectname)%00%(upstream:track)%00%(upstream:remotename)%00%(upstream:remoteref) refs/heads/master refs/remotes/master [2ms]
2023-07-14 07:40:09.705 [info] > git status -z -uall [12ms]
2023-07-14 07:40:14.739 [info] No remotes found in the git config file.
2023-07-14 07:40:14.740 [info] > git config --get commit.template [7ms]
2023-07-14 07:40:14.740 [info] > git for-each-ref --format=%(refname)%00%(upstream:short)%00%(objectname)%00%(upstream:track)%00%(upstream:remotename)%00%(upstream:remoteref) refs/heads/master refs/remotes/master [1ms]
2023-07-14 07:40:14.767 [info] > git status -z -uall [22ms]
2023-07-14 07:40:19.823 [info] No remotes found in the git config file.
2023-07-14 07:40:19.824 [info] > git config --get commit.template [7ms]
2023-07-14 07:40:19.824 [info] > git for-each-ref --format=%(refname)%00%(upstream:short)%00%(objectname)%00%(upstream:track)%00%(upstream:remotename)%00%(upstream:remoteref) refs/heads/master refs/remotes/master [1ms]
2023-07-14 07:40:19.842 [info] > git status -z -uall [12ms]
2023-07-14 07:40:24.874 [info] No remotes found in the git config file.
2023-07-14 07:40:24.875 [info] > git config --get commit.template [7ms]
2023-07-14 07:40:24.875 [info] > git for-each-ref --format=%(refname)%00%(upstream:short)%00%(objectname)%00%(upstream:track)%00%(upstream:remotename)%00%(upstream:remoteref) refs/heads/master refs/remotes/master [1ms]
2023-07-14 07:40:24.893 [info] > git status -z -uall [13ms]
2023-07-14 07:40:29.924 [info] No remotes found in the git config file.
2023-07-14 07:40:29.925 [info] > git config --get commit.template [6ms]
2023-07-14 07:40:29.925 [info] > git for-each-ref --format=%(refname)%00%(upstream:short)%00%(objectname)%00%(upstream:track)%00%(upstream:remotename)%00%(upstream:remoteref) refs/heads/master refs/remotes/master [2ms]
2023-07-14 07:40:29.943 [info] > git status -z -uall [12ms]
2023-07-14 07:40:34.977 [info] No remotes found in the git config file.
2023-07-14 07:40:34.978 [info] > git config --get commit.template [7ms]
2023-07-14 07:40:34.978 [info] > git for-each-ref --format=%(refname)%00%(upstream:short)%00%(objectname)%00%(upstream:track)%00%(upstream:remotename)%00%(upstream:remoteref) refs/heads/master refs/remotes/master [1ms]
2023-07-14 07:40:35.019 [info] > git status -z -uall [36ms]
2023-07-14 07:40:53.106 [info] No remotes found in the git config file.
2023-07-14 07:40:53.107 [info] > git for-each-ref --format=%(refname)%00%(upstream:short)%00%(objectname)%00%(upstream:track)%00%(upstream:remotename)%00%(upstream:remoteref) refs/heads/master refs/remotes/master [1ms]
2023-07-14 07:40:53.107 [info] > git config --get commit.template [7ms]
2023-07-14 07:40:53.125 [info] > git status -z -uall [13ms]
2023-07-14 07:40:58.155 [info] No remotes found in the git config file.
2023-07-14 07:40:58.156 [info] > git config --get commit.template [6ms]
2023-07-14 07:40:58.157 [info] > git for-each-ref --format=%(refname)%00%(upstream:short)%00%(objectname)%00%(upstream:track)%00%(upstream:remotename)%00%(upstream:remoteref) refs/heads/master refs/remotes/master [2ms]
2023-07-14 07:40:58.177 [info] > git status -z -uall [12ms]
2023-07-14 07:41:03.212 [info] No remotes found in the git config file.
2023-07-14 07:41:03.213 [info] > git for-each-ref --format=%(refname)%00%(upstream:short)%00%(objectname)%00%(upstream:track)%00%(upstream:remotename)%00%(upstream:remoteref) refs/heads/master refs/remotes/master [1ms]
2023-07-14 07:41:03.213 [info] > git config --get commit.template [7ms]
2023-07-14 07:41:03.231 [info] > git status -z -uall [13ms]
2023-07-14 07:41:08.264 [info] No remotes found in the git config file.
2023-07-14 07:41:08.264 [info] > git config --get commit.template [7ms]
2023-07-14 07:41:08.264 [info] > git for-each-ref --format=%(refname)%00%(upstream:short)%00%(objectname)%00%(upstream:track)%00%(upstream:remotename)%00%(upstream:remoteref) refs/heads/master refs/remotes/master [1ms]
2023-07-14 07:41:08.283 [info] > git status -z -uall [13ms]
2023-07-14 07:41:13.328 [info] No remotes found in the git config file.
2023-07-14 07:41:13.329 [info] > git config --get commit.template [7ms]
2023-07-14 07:41:13.329 [info] > git for-each-ref --format=%(refname)%00%(upstream:short)%00%(objectname)%00%(upstream:track)%00%(upstream:remotename)%00%(upstream:remoteref) refs/heads/master refs/remotes/master [1ms]
2023-07-14 07:41:13.348 [info] > git status -z -uall [14ms]
2023-07-14 07:41:18.412 [info] No remotes found in the git config file.
2023-07-14 07:41:18.413 [info] > git for-each-ref --format=%(refname)%00%(upstream:short)%00%(objectname)%00%(upstream:track)%00%(upstream:remotename)%00%(upstream:remoteref) refs/heads/master refs/remotes/master [1ms]
2023-07-14 07:41:18.414 [info] > git config --get commit.template [8ms]
2023-07-14 07:41:18.433 [info] > git status -z -uall [13ms]
2023-07-14 07:41:23.464 [info] No remotes found in the git config file.
2023-07-14 07:41:23.465 [info] > git config --get commit.template [7ms]
2023-07-14 07:41:23.465 [info] > git for-each-ref --format=%(refname)%00%(upstream:short)%00%(objectname)%00%(upstream:track)%00%(upstream:remotename)%00%(upstream:remoteref) refs/heads/master refs/remotes/master [2ms]
2023-07-14 07:41:23.483 [info] > git status -z -uall [13ms]
2023-07-14 07:41:28.918 [info] No remotes found in the git config file.
2023-07-14 07:41:28.919 [info] > git config --get commit.template [8ms]
2023-07-14 07:41:28.919 [info] > git for-each-ref --format=%(refname)%00%(upstream:short)%00%(objectname)%00%(upstream:track)%00%(upstream:remotename)%00%(upstream:remoteref) refs/heads/master refs/remotes/master [2ms]
2023-07-14 07:41:28.939 [info] > git status -z -uall [14ms]
2023-07-14 07:41:34.000 [info] No remotes found in the git config file.
2023-07-14 07:41:34.000 [info] > git config --get commit.template [6ms]
2023-07-14 07:41:34.001 [info] > git for-each-ref --format=%(refname)%00%(upstream:short)%00%(objectname)%00%(upstream:track)%00%(upstream:remotename)%00%(upstream:remoteref) refs/heads/master refs/remotes/master [2ms]
2023-07-14 07:41:34.019 [info] > git status -z -uall [12ms]
2023-07-14 07:41:39.053 [info] No remotes found in the git config file.
2023-07-14 07:41:39.054 [info] > git config --get commit.template [6ms]
2023-07-14 07:41:39.054 [info] > git for-each-ref --format=%(refname)%00%(upstream:short)%00%(objectname)%00%(upstream:track)%00%(upstream:remotename)%00%(upstream:remoteref) refs/heads/master refs/remotes/master [2ms]
2023-07-14 07:41:39.072 [info] > git status -z -uall [13ms]
2023-07-14 07:41:44.136 [info] > git config --get commit.template [38ms]
2023-07-14 07:41:44.143 [info] No remotes found in the git config file.
2023-07-14 07:41:44.144 [info] > git for-each-ref --format=%(refname)%00%(upstream:short)%00%(objectname)%00%(upstream:track)%00%(upstream:remotename)%00%(upstream:remoteref) refs/heads/master refs/remotes/master [1ms]
2023-07-14 07:41:44.163 [info] > git status -z -uall [13ms]
2023-07-14 07:41:49.196 [info] No remotes found in the git config file.
2023-07-14 07:41:49.196 [info] > git config --get commit.template [6ms]
2023-07-14 07:41:49.196 [info] > git for-each-ref --format=%(refname)%00%(upstream:short)%00%(objectname)%00%(upstream:track)%00%(upstream:remotename)%00%(upstream:remoteref) refs/heads/master refs/remotes/master [1ms]
2023-07-14 07:41:49.214 [info] > git status -z -uall [13ms]
2023-07-14 07:41:54.248 [info] No remotes found in the git config file.
2023-07-14 07:41:54.249 [info] > git config --get commit.template [7ms]
2023-07-14 07:41:54.249 [info] > git for-each-ref --format=%(refname)%00%(upstream:short)%00%(objectname)%00%(upstream:track)%00%(upstream:remotename)%00%(upstream:remoteref) refs/heads/master refs/remotes/master [1ms]
2023-07-14 07:41:54.267 [info] > git status -z -uall [13ms]
2023-07-14 07:41:59.301 [info] No remotes found in the git config file.
2023-07-14 07:41:59.302 [info] > git config --get commit.template [7ms]
2023-07-14 07:41:59.302 [info] > git for-each-ref --format=%(refname)%00%(upstream:short)%00%(objectname)%00%(upstream:track)%00%(upstream:remotename)%00%(upstream:remoteref) refs/heads/master refs/remotes/master [2ms]
2023-07-14 07:41:59.321 [info] > git status -z -uall [13ms]
2023-07-14 07:42:04.356 [info] No remotes found in the git config file.
2023-07-14 07:42:04.357 [info] > git config --get commit.template [8ms]
2023-07-14 07:42:04.357 [info] > git for-each-ref --format=%(refname)%00%(upstream:short)%00%(objectname)%00%(upstream:track)%00%(upstream:remotename)%00%(upstream:remoteref) refs/heads/master refs/remotes/master [1ms]
2023-07-14 07:42:04.392 [info] > git status -z -uall [28ms]
2023-07-14 07:42:09.442 [info] No remotes found in the git config file.
2023-07-14 07:42:09.443 [info] > git config --get commit.template [7ms]
2023-07-14 07:42:09.443 [info] > git for-each-ref --format=%(refname)%00%(upstream:short)%00%(objectname)%00%(upstream:track)%00%(upstream:remotename)%00%(upstream:remoteref) refs/heads/master refs/remotes/master [2ms]
2023-07-14 07:42:09.462 [info] > git status -z -uall [13ms]
2023-07-14 07:42:14.495 [info] No remotes found in the git config file.
2023-07-14 07:42:14.496 [info] > git for-each-ref --format=%(refname)%00%(upstream:short)%00%(objectname)%00%(upstream:track)%00%(upstream:remotename)%00%(upstream:remoteref) refs/heads/master refs/remotes/master [2ms]
2023-07-14 07:42:14.496 [info] > git config --get commit.template [8ms]
2023-07-14 07:42:14.515 [info] > git status -z -uall [13ms]
2023-07-14 07:42:19.550 [info] No remotes found in the git config file.
2023-07-14 07:42:19.551 [info] > git config --get commit.template [7ms]
2023-07-14 07:42:19.551 [info] > git for-each-ref --format=%(refname)%00%(upstream:short)%00%(objectname)%00%(upstream:track)%00%(upstream:remotename)%00%(upstream:remoteref) refs/heads/master refs/remotes/master [2ms]
2023-07-14 07:42:19.579 [info] > git status -z -uall [22ms]
2023-07-14 07:42:24.640 [info] No remotes found in the git config file.
2023-07-14 07:42:24.640 [info] > git config --get commit.template [7ms]
2023-07-14 07:42:24.641 [info] > git for-each-ref --format=%(refname)%00%(upstream:short)%00%(objectname)%00%(upstream:track)%00%(upstream:remotename)%00%(upstream:remoteref) refs/heads/master refs/remotes/master [2ms]
2023-07-14 07:42:24.659 [info] > git status -z -uall [13ms]
2023-07-14 07:42:29.692 [info] No remotes found in the git config file.
2023-07-14 07:42:29.693 [info] > git config --get commit.template [7ms]
2023-07-14 07:42:29.693 [info] > git for-each-ref --format=%(refname)%00%(upstream:short)%00%(objectname)%00%(upstream:track)%00%(upstream:remotename)%00%(upstream:remoteref) refs/heads/master refs/remotes/master [1ms]
2023-07-14 07:42:29.713 [info] > git status -z -uall [13ms]
2023-07-14 07:42:34.747 [info] No remotes found in the git config file.
2023-07-14 07:42:34.748 [info] > git config --get commit.template [7ms]
2023-07-14 07:42:34.748 [info] > git for-each-ref --format=%(refname)%00%(upstream:short)%00%(objectname)%00%(upstream:track)%00%(upstream:remotename)%00%(upstream:remoteref) refs/heads/master refs/remotes/master [1ms]
2023-07-14 07:42:34.785 [info] > git status -z -uall [31ms]
2023-07-14 07:42:39.836 [info] No remotes found in the git config file.
2023-07-14 07:42:39.837 [info] > git for-each-ref --format=%(refname)%00%(upstream:short)%00%(objectname)%00%(upstream:track)%00%(upstream:remotename)%00%(upstream:remoteref) refs/heads/master refs/remotes/master [1ms]
2023-07-14 07:42:39.837 [info] > git config --get commit.template [7ms]
2023-07-14 07:42:39.855 [info] > git status -z -uall [12ms]
2023-07-14 07:42:44.884 [info] No remotes found in the git config file.
2023-07-14 07:42:44.890 [info] > git config --get commit.template [6ms]
2023-07-14 07:42:44.890 [info] > git for-each-ref --format=%(refname)%00%(upstream:short)%00%(objectname)%00%(upstream:track)%00%(upstream:remotename)%00%(upstream:remoteref) refs/heads/master refs/remotes/master [1ms]
2023-07-14 07:42:44.907 [info] > git status -z -uall [12ms]
2023-07-14 07:42:49.940 [info] No remotes found in the git config file.
2023-07-14 07:42:49.940 [info] > git for-each-ref --format=%(refname)%00%(upstream:short)%00%(objectname)%00%(upstream:track)%00%(upstream:remotename)%00%(upstream:remoteref) refs/heads/master refs/remotes/master [1ms]
2023-07-14 07:42:49.941 [info] > git config --get commit.template [7ms]
2023-07-14 07:42:49.960 [info] > git status -z -uall [13ms]
2023-07-14 07:42:54.994 [info] No remotes found in the git config file.
2023-07-14 07:42:54.995 [info] > git for-each-ref --format=%(refname)%00%(upstream:short)%00%(objectname)%00%(upstream:track)%00%(upstream:remotename)%00%(upstream:remoteref) refs/heads/master refs/remotes/master [1ms]
2023-07-14 07:42:54.995 [info] > git config --get commit.template [7ms]
2023-07-14 07:42:55.013 [info] > git status -z -uall [12ms]
2023-07-14 07:43:00.048 [info] No remotes found in the git config file.
2023-07-14 07:43:00.049 [info] > git for-each-ref --format=%(refname)%00%(upstream:short)%00%(objectname)%00%(upstream:track)%00%(upstream:remotename)%00%(upstream:remoteref) refs/heads/master refs/remotes/master [1ms]
2023-07-14 07:43:00.049 [info] > git config --get commit.template [7ms]
2023-07-14 07:43:00.069 [info] > git status -z -uall [14ms]
2023-07-14 07:44:00.554 [info] No remotes found in the git config file.
2023-07-14 07:44:00.556 [info] > git config --get commit.template [7ms]
2023-07-14 07:44:00.556 [info] > git for-each-ref --format=%(refname)%00%(upstream:short)%00%(objectname)%00%(upstream:track)%00%(upstream:remotename)%00%(upstream:remoteref) refs/heads/master refs/remotes/master [2ms]
2023-07-14 07:44:00.574 [info] > git status -z -uall [12ms]
2023-07-14 07:44:05.603 [info] No remotes found in the git config file.
2023-07-14 07:44:05.604 [info] > git config --get commit.template [6ms]
2023-07-14 07:44:05.604 [info] > git for-each-ref --format=%(refname)%00%(upstream:short)%00%(objectname)%00%(upstream:track)%00%(upstream:remotename)%00%(upstream:remoteref) refs/heads/master refs/remotes/master [1ms]
2023-07-14 07:44:05.621 [info] > git status -z -uall [12ms]
2023-07-14 07:44:10.656 [info] No remotes found in the git config file.
2023-07-14 07:44:10.657 [info] > git config --get commit.template [6ms]
2023-07-14 07:44:10.657 [info] > git for-each-ref --format=%(refname)%00%(upstream:short)%00%(objectname)%00%(upstream:track)%00%(upstream:remotename)%00%(upstream:remoteref) refs/heads/master refs/remotes/master [1ms]
2023-07-14 07:44:10.700 [info] > git status -z -uall [38ms]
2023-07-14 07:44:25.253 [info] > git config --get commit.template [1ms]
2023-07-14 07:44:25.259 [info] No remotes found in the git config file.
2023-07-14 07:44:25.259 [info] > git for-each-ref --format=%(refname)%00%(upstream:short)%00%(objectname)%00%(upstream:track)%00%(upstream:remotename)%00%(upstream:remoteref) refs/heads/master refs/remotes/master [1ms]
2023-07-14 07:44:25.277 [info] > git status -z -uall [13ms]
