*
* Visual Studio Code Server
*
* By using the software, you agree to
* the Visual Studio Code Server License Terms (https://aka.ms/vscode-server-license) and
* the Microsoft Privacy Statement (https://privacy.microsoft.com/en-US/privacystatement).
*
Server bound to 127.0.0.1:46451 (IPv4)
Extension host agent listening on 46451

[05:24:06] 




[05:24:06] Extension host agent started.
[05:24:21] [127.0.0.1][6a0b1237][ManagementConnection] New connection established.
[05:24:21] [127.0.0.1][d58172fc][ExtensionHostConnection] New connection established.
[05:24:21] [127.0.0.1][d58172fc][ExtensionHostConnection] <1493> Launched Extension Host Process.
[IPC Library: Pty Host]  WARN Shell integration cannot be enabled for executable "/bin/sh" and args [
  '-c',
  'wget --version > /dev/null\n' +
    'if [ $? -eq 0 ]\n' +
    'then\n' +
    "\twget --connect-timeout=7 --tries=1 --dns-timeout=7 -q --header='Metadata:true' -O - http://169.254.169.254/metadata/instance?api-version=2019-03-11\n" +
    'else\n' +
    '\tcurl --version > /dev/null\n' +
    '\tif [ $? -eq 0 ]\n' +
    '\tthen\n' +
    "\t\tcurl --connect-timeout 7 -s --header='Metadata:true' http://169.254.169.254/metadata/instance?api-version=2019-03-11\n" +
    '\tfi\n' +
    'fi\n' +
    'exit 0'
]
[IPC Library: Pty Host]  WARN Shell integration cannot be enabled for executable "/bin/sh" and args [
  '-c',
  'wget --version > /dev/null\n' +
    'if [ $? -eq 0 ]\n' +
    'then\n' +
    '\twget --connect-timeout=7 --tries=1 --dns-timeout=7 -q  -O - http://169.254.169.254/latest/meta-data/instance-id\n' +
    'else\n' +
    '\tcurl --version > /dev/null\n' +
    '\tif [ $? -eq 0 ]\n' +
    '\tthen\n' +
    '\t\tcurl --connect-timeout 7 -s  http://169.254.169.254/latest/meta-data/instance-id\n' +
    '\tfi\n' +
    'fi\n' +
    'exit 0'
]
[IPC Library: Pty Host]  WARN Shell integration cannot be enabled for executable "/bin/sh" and args [
  '-c',
  'wget --version > /dev/null\n' +
    'if [ $? -eq 0 ]\n' +
    'then\n' +
    '\twget --connect-timeout=7 --tries=1 --dns-timeout=7 -q  -O - http://169.254.169.254/metadata/v1/id\n' +
    'else\n' +
    '\tcurl --version > /dev/null\n' +
    '\tif [ $? -eq 0 ]\n' +
    '\tthen\n' +
    '\t\tcurl --connect-timeout 7 -s  http://169.254.169.254/metadata/v1/id\n' +
    '\tfi\n' +
    'fi\n' +
    'exit 0'
]
[IPC Library: Pty Host]  WARN Shell integration cannot be enabled for executable "/bin/sh" and args [
  '-c',
  'wget --version > /dev/null\n' +
    'if [ $? -eq 0 ]\n' +
    'then\n' +
    "\twget --connect-timeout=7 --tries=1 --dns-timeout=7 -q --header='Metadata-Flavor:Google' -O - http://metadata.google.internal/computeMetadata/v1/instance/id\n" +
    'else\n' +
    '\tcurl --version > /dev/null\n' +
    '\tif [ $? -eq 0 ]\n' +
    '\tthen\n' +
    "\t\tcurl --connect-timeout 7 -s --header='Metadata-Flavor:Google' http://metadata.google.internal/computeMetadata/v1/instance/id\n" +
    '\tfi\n' +
    'fi\n' +
    'exit 0'
]
[05:24:30] [127.0.0.1][6a0b1237][ManagementConnection] The client has disconnected gracefully, so the connection will be disposed.
[05:24:30] [127.0.0.1][d58172fc][ExtensionHostConnection] <1493> Extension Host Process exited with code: 0, signal: null.
Cancelling previous shutdown timeout
[05:24:30] Cancelling previous shutdown timeout
Last EH closed, waiting before shutting down
[05:24:30] Last EH closed, waiting before shutting down
Got delay-shutdown request while in shutdown timeout, delaying
[05:24:45] Got delay-shutdown request while in shutdown timeout, delaying
Cancelling previous shutdown timeout
[05:24:45] Cancelling previous shutdown timeout
[05:24:45] [127.0.0.1][68e9b915][ManagementConnection] New connection established.
[05:24:46] [127.0.0.1][a8f3ea96][ExtensionHostConnection] New connection established.
[05:24:46] [127.0.0.1][a8f3ea96][ExtensionHostConnection] <1671> Launched Extension Host Process.
[IPC Library: Pty Host]  WARN Shell integration cannot be enabled for executable "/bin/sh" and args [
  '-c',
  'wget --version > /dev/null\n' +
    'if [ $? -eq 0 ]\n' +
    'then\n' +
    "\twget --connect-timeout=7 --tries=1 --dns-timeout=7 -q --header='Metadata:true' -O - http://169.254.169.254/metadata/instance?api-version=2019-03-11\n" +
    'else\n' +
    '\tcurl --version > /dev/null\n' +
    '\tif [ $? -eq 0 ]\n' +
    '\tthen\n' +
    "\t\tcurl --connect-timeout 7 -s --header='Metadata:true' http://169.254.169.254/metadata/instance?api-version=2019-03-11\n" +
    '\tfi\n' +
    'fi\n' +
    'exit 0'
]
[IPC Library: Pty Host]  WARN Shell integration cannot be enabled for executable "/bin/sh" and args [
  '-c',
  'wget --version > /dev/null\n' +
    'if [ $? -eq 0 ]\n' +
    'then\n' +
    '\twget --connect-timeout=7 --tries=1 --dns-timeout=7 -q  -O - http://169.254.169.254/latest/meta-data/instance-id\n' +
    'else\n' +
    '\tcurl --version > /dev/null\n' +
    '\tif [ $? -eq 0 ]\n' +
    '\tthen\n' +
    '\t\tcurl --connect-timeout 7 -s  http://169.254.169.254/latest/meta-data/instance-id\n' +
    '\tfi\n' +
    'fi\n' +
    'exit 0'
]
[IPC Library: Pty Host]  WARN Shell integration cannot be enabled for executable "/bin/sh" and args [
  '-c',
  'wget --version > /dev/null\n' +
    'if [ $? -eq 0 ]\n' +
    'then\n' +
    '\twget --connect-timeout=7 --tries=1 --dns-timeout=7 -q  -O - http://169.254.169.254/metadata/v1/id\n' +
    'else\n' +
    '\tcurl --version > /dev/null\n' +
    '\tif [ $? -eq 0 ]\n' +
    '\tthen\n' +
    '\t\tcurl --connect-timeout 7 -s  http://169.254.169.254/metadata/v1/id\n' +
    '\tfi\n' +
    'fi\n' +
    'exit 0'
]
[IPC Library: Pty Host]  WARN Shell integration cannot be enabled for executable "/bin/sh" and args [
  '-c',
  'wget --version > /dev/null\n' +
    'if [ $? -eq 0 ]\n' +
    'then\n' +
    "\twget --connect-timeout=7 --tries=1 --dns-timeout=7 -q --header='Metadata-Flavor:Google' -O - http://metadata.google.internal/computeMetadata/v1/instance/id\n" +
    'else\n' +
    '\tcurl --version > /dev/null\n' +
    '\tif [ $? -eq 0 ]\n' +
    '\tthen\n' +
    "\t\tcurl --connect-timeout 7 -s --header='Metadata-Flavor:Google' http://metadata.google.internal/computeMetadata/v1/instance/id\n" +
    '\tfi\n' +
    'fi\n' +
    'exit 0'
]
New EH opened, aborting shutdown
[05:29:45] New EH opened, aborting shutdown
rejected promise not handled within 1 second: CodeExpectedError: Could not find pty on pty host
stack trace: CodeExpectedError: Could not find pty on pty host
    at g.O (/root/.vscode-server/bin/660393deaaa6d1996740ff4880f1bad43768c814/out/vs/platform/terminal/node/ptyHostMain.js:28:7243)
    at g.updateIcon (/root/.vscode-server/bin/660393deaaa6d1996740ff4880f1bad43768c814/out/vs/platform/terminal/node/ptyHostMain.js:28:2735)
    at g.Q.<computed> (/root/.vscode-server/bin/660393deaaa6d1996740ff4880f1bad43768c814/out/vs/platform/terminal/node/ptyHostMain.js:27:22460)
    at Object.call (/root/.vscode-server/bin/660393deaaa6d1996740ff4880f1bad43768c814/out/vs/platform/terminal/node/ptyHostMain.js:17:4866)
    at u.s (/root/.vscode-server/bin/660393deaaa6d1996740ff4880f1bad43768c814/out/vs/platform/terminal/node/ptyHostMain.js:15:5150)
    at u.q (/root/.vscode-server/bin/660393deaaa6d1996740ff4880f1bad43768c814/out/vs/platform/terminal/node/ptyHostMain.js:15:4661)
    at i.value (/root/.vscode-server/bin/660393deaaa6d1996740ff4880f1bad43768c814/out/vs/platform/terminal/node/ptyHostMain.js:15:4066)
    at E.w (/root/.vscode-server/bin/660393deaaa6d1996740ff4880f1bad43768c814/out/vs/platform/terminal/node/ptyHostMain.js:10:1902)
    at E.fire (/root/.vscode-server/bin/660393deaaa6d1996740ff4880f1bad43768c814/out/vs/platform/terminal/node/ptyHostMain.js:10:2119)
    at process.G (/root/.vscode-server/bin/660393deaaa6d1996740ff4880f1bad43768c814/out/vs/platform/terminal/node/ptyHostMain.js:8:27085)
    at process.emit (node:events:513:28)
    at emit (node:internal/child_process:939:14)
    at processTicksAndRejections (node:internal/process/task_queues:84:21)
[05:31:45] Error [CodeExpectedError]: Could not find pty on pty host
    at g.O (/root/.vscode-server/bin/660393deaaa6d1996740ff4880f1bad43768c814/out/vs/platform/terminal/node/ptyHostMain.js:28:7243)
    at g.updateIcon (/root/.vscode-server/bin/660393deaaa6d1996740ff4880f1bad43768c814/out/vs/platform/terminal/node/ptyHostMain.js:28:2735)
    at g.Q.<computed> (/root/.vscode-server/bin/660393deaaa6d1996740ff4880f1bad43768c814/out/vs/platform/terminal/node/ptyHostMain.js:27:22460)
    at Object.call (/root/.vscode-server/bin/660393deaaa6d1996740ff4880f1bad43768c814/out/vs/platform/terminal/node/ptyHostMain.js:17:4866)
    at u.s (/root/.vscode-server/bin/660393deaaa6d1996740ff4880f1bad43768c814/out/vs/platform/terminal/node/ptyHostMain.js:15:5150)
    at u.q (/root/.vscode-server/bin/660393deaaa6d1996740ff4880f1bad43768c814/out/vs/platform/terminal/node/ptyHostMain.js:15:4661)
    at i.value (/root/.vscode-server/bin/660393deaaa6d1996740ff4880f1bad43768c814/out/vs/platform/terminal/node/ptyHostMain.js:15:4066)
    at E.w (/root/.vscode-server/bin/660393deaaa6d1996740ff4880f1bad43768c814/out/vs/platform/terminal/node/ptyHostMain.js:10:1902)
    at E.fire (/root/.vscode-server/bin/660393deaaa6d1996740ff4880f1bad43768c814/out/vs/platform/terminal/node/ptyHostMain.js:10:2119)
    at process.G (/root/.vscode-server/bin/660393deaaa6d1996740ff4880f1bad43768c814/out/vs/platform/terminal/node/ptyHostMain.js:8:27085)
    at process.emit (node:events:513:28)
    at emit (node:internal/child_process:939:14)
    at processTicksAndRejections (node:internal/process/task_queues:84:21)
rejected promise not handled within 1 second: CodeExpectedError: Could not find pty on pty host
stack trace: CodeExpectedError: Could not find pty on pty host
    at g.O (/root/.vscode-server/bin/660393deaaa6d1996740ff4880f1bad43768c814/out/vs/platform/terminal/node/ptyHostMain.js:28:7243)
    at g.updateTitle (/root/.vscode-server/bin/660393deaaa6d1996740ff4880f1bad43768c814/out/vs/platform/terminal/node/ptyHostMain.js:28:2685)
    at g.Q.<computed> (/root/.vscode-server/bin/660393deaaa6d1996740ff4880f1bad43768c814/out/vs/platform/terminal/node/ptyHostMain.js:27:22460)
    at Object.call (/root/.vscode-server/bin/660393deaaa6d1996740ff4880f1bad43768c814/out/vs/platform/terminal/node/ptyHostMain.js:17:4866)
    at u.s (/root/.vscode-server/bin/660393deaaa6d1996740ff4880f1bad43768c814/out/vs/platform/terminal/node/ptyHostMain.js:15:5150)
    at u.q (/root/.vscode-server/bin/660393deaaa6d1996740ff4880f1bad43768c814/out/vs/platform/terminal/node/ptyHostMain.js:15:4661)
    at i.value (/root/.vscode-server/bin/660393deaaa6d1996740ff4880f1bad43768c814/out/vs/platform/terminal/node/ptyHostMain.js:15:4066)
    at E.w (/root/.vscode-server/bin/660393deaaa6d1996740ff4880f1bad43768c814/out/vs/platform/terminal/node/ptyHostMain.js:10:1902)
    at E.fire (/root/.vscode-server/bin/660393deaaa6d1996740ff4880f1bad43768c814/out/vs/platform/terminal/node/ptyHostMain.js:10:2119)
    at process.G (/root/.vscode-server/bin/660393deaaa6d1996740ff4880f1bad43768c814/out/vs/platform/terminal/node/ptyHostMain.js:8:27085)
    at process.emit (node:events:513:28)
    at emit (node:internal/child_process:939:14)
    at processTicksAndRejections (node:internal/process/task_queues:84:21)
[05:31:45] Error [CodeExpectedError]: Could not find pty on pty host
    at g.O (/root/.vscode-server/bin/660393deaaa6d1996740ff4880f1bad43768c814/out/vs/platform/terminal/node/ptyHostMain.js:28:7243)
    at g.updateTitle (/root/.vscode-server/bin/660393deaaa6d1996740ff4880f1bad43768c814/out/vs/platform/terminal/node/ptyHostMain.js:28:2685)
    at g.Q.<computed> (/root/.vscode-server/bin/660393deaaa6d1996740ff4880f1bad43768c814/out/vs/platform/terminal/node/ptyHostMain.js:27:22460)
    at Object.call (/root/.vscode-server/bin/660393deaaa6d1996740ff4880f1bad43768c814/out/vs/platform/terminal/node/ptyHostMain.js:17:4866)
    at u.s (/root/.vscode-server/bin/660393deaaa6d1996740ff4880f1bad43768c814/out/vs/platform/terminal/node/ptyHostMain.js:15:5150)
    at u.q (/root/.vscode-server/bin/660393deaaa6d1996740ff4880f1bad43768c814/out/vs/platform/terminal/node/ptyHostMain.js:15:4661)
    at i.value (/root/.vscode-server/bin/660393deaaa6d1996740ff4880f1bad43768c814/out/vs/platform/terminal/node/ptyHostMain.js:15:4066)
    at E.w (/root/.vscode-server/bin/660393deaaa6d1996740ff4880f1bad43768c814/out/vs/platform/terminal/node/ptyHostMain.js:10:1902)
    at E.fire (/root/.vscode-server/bin/660393deaaa6d1996740ff4880f1bad43768c814/out/vs/platform/terminal/node/ptyHostMain.js:10:2119)
    at process.G (/root/.vscode-server/bin/660393deaaa6d1996740ff4880f1bad43768c814/out/vs/platform/terminal/node/ptyHostMain.js:8:27085)
    at process.emit (node:events:513:28)
    at emit (node:internal/child_process:939:14)
    at processTicksAndRejections (node:internal/process/task_queues:84:21)
rejected promise not handled within 1 second: CodeExpectedError: Could not find pty on pty host
stack trace: CodeExpectedError: Could not find pty on pty host
    at g.O (/root/.vscode-server/bin/660393deaaa6d1996740ff4880f1bad43768c814/out/vs/platform/terminal/node/ptyHostMain.js:28:7243)
    at g.updateTitle (/root/.vscode-server/bin/660393deaaa6d1996740ff4880f1bad43768c814/out/vs/platform/terminal/node/ptyHostMain.js:28:2685)
    at g.Q.<computed> (/root/.vscode-server/bin/660393deaaa6d1996740ff4880f1bad43768c814/out/vs/platform/terminal/node/ptyHostMain.js:27:22460)
    at Object.call (/root/.vscode-server/bin/660393deaaa6d1996740ff4880f1bad43768c814/out/vs/platform/terminal/node/ptyHostMain.js:17:4866)
    at u.s (/root/.vscode-server/bin/660393deaaa6d1996740ff4880f1bad43768c814/out/vs/platform/terminal/node/ptyHostMain.js:15:5150)
    at u.q (/root/.vscode-server/bin/660393deaaa6d1996740ff4880f1bad43768c814/out/vs/platform/terminal/node/ptyHostMain.js:15:4661)
    at i.value (/root/.vscode-server/bin/660393deaaa6d1996740ff4880f1bad43768c814/out/vs/platform/terminal/node/ptyHostMain.js:15:4066)
    at E.w (/root/.vscode-server/bin/660393deaaa6d1996740ff4880f1bad43768c814/out/vs/platform/terminal/node/ptyHostMain.js:10:1902)
    at E.fire (/root/.vscode-server/bin/660393deaaa6d1996740ff4880f1bad43768c814/out/vs/platform/terminal/node/ptyHostMain.js:10:2119)
    at process.G (/root/.vscode-server/bin/660393deaaa6d1996740ff4880f1bad43768c814/out/vs/platform/terminal/node/ptyHostMain.js:8:27085)
    at process.emit (node:events:513:28)
    at emit (node:internal/child_process:939:14)
    at processTicksAndRejections (node:internal/process/task_queues:84:21)
[05:31:45] Error [CodeExpectedError]: Could not find pty on pty host
    at g.O (/root/.vscode-server/bin/660393deaaa6d1996740ff4880f1bad43768c814/out/vs/platform/terminal/node/ptyHostMain.js:28:7243)
    at g.updateTitle (/root/.vscode-server/bin/660393deaaa6d1996740ff4880f1bad43768c814/out/vs/platform/terminal/node/ptyHostMain.js:28:2685)
    at g.Q.<computed> (/root/.vscode-server/bin/660393deaaa6d1996740ff4880f1bad43768c814/out/vs/platform/terminal/node/ptyHostMain.js:27:22460)
    at Object.call (/root/.vscode-server/bin/660393deaaa6d1996740ff4880f1bad43768c814/out/vs/platform/terminal/node/ptyHostMain.js:17:4866)
    at u.s (/root/.vscode-server/bin/660393deaaa6d1996740ff4880f1bad43768c814/out/vs/platform/terminal/node/ptyHostMain.js:15:5150)
    at u.q (/root/.vscode-server/bin/660393deaaa6d1996740ff4880f1bad43768c814/out/vs/platform/terminal/node/ptyHostMain.js:15:4661)
    at i.value (/root/.vscode-server/bin/660393deaaa6d1996740ff4880f1bad43768c814/out/vs/platform/terminal/node/ptyHostMain.js:15:4066)
    at E.w (/root/.vscode-server/bin/660393deaaa6d1996740ff4880f1bad43768c814/out/vs/platform/terminal/node/ptyHostMain.js:10:1902)
    at E.fire (/root/.vscode-server/bin/660393deaaa6d1996740ff4880f1bad43768c814/out/vs/platform/terminal/node/ptyHostMain.js:10:2119)
    at process.G (/root/.vscode-server/bin/660393deaaa6d1996740ff4880f1bad43768c814/out/vs/platform/terminal/node/ptyHostMain.js:8:27085)
    at process.emit (node:events:513:28)
    at emit (node:internal/child_process:939:14)
    at processTicksAndRejections (node:internal/process/task_queues:84:21)
[05:31:54] [127.0.0.1][68e9b915][ManagementConnection] The client has reconnected.
[05:31:54] [127.0.0.1][a8f3ea96][ExtensionHostConnection] The client has reconnected.
rejected promise not handled within 1 second: CodeExpectedError: Could not find pty on pty host
stack trace: CodeExpectedError: Could not find pty on pty host
    at g.O (/root/.vscode-server/bin/660393deaaa6d1996740ff4880f1bad43768c814/out/vs/platform/terminal/node/ptyHostMain.js:28:7243)
    at g.updateTitle (/root/.vscode-server/bin/660393deaaa6d1996740ff4880f1bad43768c814/out/vs/platform/terminal/node/ptyHostMain.js:28:2685)
    at g.Q.<computed> (/root/.vscode-server/bin/660393deaaa6d1996740ff4880f1bad43768c814/out/vs/platform/terminal/node/ptyHostMain.js:27:22460)
    at Object.call (/root/.vscode-server/bin/660393deaaa6d1996740ff4880f1bad43768c814/out/vs/platform/terminal/node/ptyHostMain.js:17:4866)
    at u.s (/root/.vscode-server/bin/660393deaaa6d1996740ff4880f1bad43768c814/out/vs/platform/terminal/node/ptyHostMain.js:15:5150)
    at u.q (/root/.vscode-server/bin/660393deaaa6d1996740ff4880f1bad43768c814/out/vs/platform/terminal/node/ptyHostMain.js:15:4661)
    at i.value (/root/.vscode-server/bin/660393deaaa6d1996740ff4880f1bad43768c814/out/vs/platform/terminal/node/ptyHostMain.js:15:4066)
    at E.w (/root/.vscode-server/bin/660393deaaa6d1996740ff4880f1bad43768c814/out/vs/platform/terminal/node/ptyHostMain.js:10:1902)
    at E.fire (/root/.vscode-server/bin/660393deaaa6d1996740ff4880f1bad43768c814/out/vs/platform/terminal/node/ptyHostMain.js:10:2119)
    at process.G (/root/.vscode-server/bin/660393deaaa6d1996740ff4880f1bad43768c814/out/vs/platform/terminal/node/ptyHostMain.js:8:27085)
    at process.emit (node:events:513:28)
    at emit (node:internal/child_process:939:14)
    at processTicksAndRejections (node:internal/process/task_queues:84:21)
[05:31:55] Error [CodeExpectedError]: Could not find pty on pty host
    at g.O (/root/.vscode-server/bin/660393deaaa6d1996740ff4880f1bad43768c814/out/vs/platform/terminal/node/ptyHostMain.js:28:7243)
    at g.updateTitle (/root/.vscode-server/bin/660393deaaa6d1996740ff4880f1bad43768c814/out/vs/platform/terminal/node/ptyHostMain.js:28:2685)
    at g.Q.<computed> (/root/.vscode-server/bin/660393deaaa6d1996740ff4880f1bad43768c814/out/vs/platform/terminal/node/ptyHostMain.js:27:22460)
    at Object.call (/root/.vscode-server/bin/660393deaaa6d1996740ff4880f1bad43768c814/out/vs/platform/terminal/node/ptyHostMain.js:17:4866)
    at u.s (/root/.vscode-server/bin/660393deaaa6d1996740ff4880f1bad43768c814/out/vs/platform/terminal/node/ptyHostMain.js:15:5150)
    at u.q (/root/.vscode-server/bin/660393deaaa6d1996740ff4880f1bad43768c814/out/vs/platform/terminal/node/ptyHostMain.js:15:4661)
    at i.value (/root/.vscode-server/bin/660393deaaa6d1996740ff4880f1bad43768c814/out/vs/platform/terminal/node/ptyHostMain.js:15:4066)
    at E.w (/root/.vscode-server/bin/660393deaaa6d1996740ff4880f1bad43768c814/out/vs/platform/terminal/node/ptyHostMain.js:10:1902)
    at E.fire (/root/.vscode-server/bin/660393deaaa6d1996740ff4880f1bad43768c814/out/vs/platform/terminal/node/ptyHostMain.js:10:2119)
    at process.G (/root/.vscode-server/bin/660393deaaa6d1996740ff4880f1bad43768c814/out/vs/platform/terminal/node/ptyHostMain.js:8:27085)
    at process.emit (node:events:513:28)
    at emit (node:internal/child_process:939:14)
    at processTicksAndRejections (node:internal/process/task_queues:84:21)
[*** LOG ERROR #0001 ***] [2023-07-14 07:34:10] [30f63828-592a-47a7-8e04-687f36c837b2] {Failed flush to file /root/.vscode-server/data/logs/20230714T052406/remoteagent.log: No space left on device}
[07:34:10] [127.0.0.1][a8f3ea96][ExtensionHostConnection] <1671><stderr> [*** LOG ERROR #0001 ***] [2023-07-14 07:34:10] [Git] {Failed flush to file /root/.vscode-server/data/logs/20230714T052406/exthost2/vscode.git/Git.log: No space left on device}

[*** LOG ERROR #0002 ***] [2023-07-14 07:34:15] [30f63828-592a-47a7-8e04-687f36c837b2] {Failed flush to file /root/.vscode-server/data/logs/20230714T052406/remoteagent.log: No space left on device}
[07:34:15] [127.0.0.1][a8f3ea96][ExtensionHostConnection] <1671><stderr> [*** LOG ERROR #0005 ***] [2023-07-14 07:34:15] [Git] {Failed flush to file /root/.vscode-server/data/logs/20230714T052406/exthost2/vscode.git/Git.log: No s