*
* Visual Studio Code Server
*
* By using the software, you agree to
* the Visual Studio Code Server License Terms (https://aka.ms/vscode-server-license) and
* the Microsoft Privacy Statement (https://privacy.microsoft.com/en-US/privacystatement).
*
Server bound to 127.0.0.1:39993 (IPv4)
Extension host agent listening on 39993

[07:50:58] 




[07:50:58] Extension host agent started.
[07:50:58] [127.0.0.1][93e27cbf][ManagementConnection] New connection established.
[07:50:58] [127.0.0.1][cb14f540][ExtensionHostConnection] New connection established.
[IPC Library: Pty Host]  INFO Revived process, old id 10 -> new id 1
[07:50:58] [127.0.0.1][cb14f540][ExtensionHostConnection] <300099> Launched Extension Host Process.
[IPC Library: Pty Host]  WARN Shell integration cannot be enabled for executable "/bin/sh" and args [
  '-c',
  'wget --version > /dev/null\n' +
    'if [ $? -eq 0 ]\n' +
    'then\n' +
    "\twget --connect-timeout=7 --tries=1 --dns-timeout=7 -q --header='Metadata:true' -O - http://169.254.169.254/metadata/instance?api-version=2019-03-11\n" +
    'else\n' +
    '\tcurl --version > /dev/null\n' +
    '\tif [ $? -eq 0 ]\n' +
    '\tthen\n' +
    "\t\tcurl --connect-timeout 7 -s --header='Metadata:true' http://169.254.169.254/metadata/instance?api-version=2019-03-11\n" +
    '\tfi\n' +
    'fi\n' +
    'exit 0'
]
[IPC Library: Pty Host]  WARN Shell integration cannot be enabled for executable "/bin/sh" and args [
  '-c',
  'wget --version > /dev/null\n' +
    'if [ $? -eq 0 ]\n' +
    'then\n' +
    '\twget --connect-timeout=7 --tries=1 --dns-timeout=7 -q  -O - http://169.254.169.254/latest/meta-data/instance-id\n' +
    'else\n' +
    '\tcurl --version > /dev/null\n' +
    '\tif [ $? -eq 0 ]\n' +
    '\tthen\n' +
    '\t\tcurl --connect-timeout 7 -s  http://169.254.169.254/latest/meta-data/instance-id\n' +
    '\tfi\n' +
    'fi\n' +
    'exit 0'
]
[IPC Library: Pty Host]  WARN Shell integration cannot be enabled for executable "/bin/sh" and args [
  '-c',
  'wget --version > /dev/null\n' +
    'if [ $? -eq 0 ]\n' +
    'then\n' +
    '\twget --connect-timeout=7 --tries=1 --dns-timeout=7 -q  -O - http://169.254.169.254/metadata/v1/id\n' +
    'else\n' +
    '\tcurl --version > /dev/null\n' +
    '\tif [ $? -eq 0 ]\n' +
    '\tthen\n' +
    '\t\tcurl --connect-timeout 7 -s  http://169.254.169.254/metadata/v1/id\n' +
    '\tfi\n' +
    'fi\n' +
    'exit 0'
]
[IPC Library: Pty Host]  WARN Shell integration cannot be enabled for executable "/bin/sh" and args [
  '-c',
  'wget --version > /dev/null\n' +
    'if [ $? -eq 0 ]\n' +
    'then\n' +
    "\twget --connect-timeout=7 --tries=1 --dns-timeout=7 -q --header='Metadata-Flavor:Google' -O - http://metadata.google.internal/computeMetadata/v1/instance/id\n" +
    'else\n' +
    '\tcurl --version > /dev/null\n' +
    '\tif [ $? -eq 0 ]\n' +
    '\tthen\n' +
    "\t\tcurl --connect-timeout 7 -s --header='Metadata-Flavor:Google' http://metadata.google.internal/computeMetadata/v1/instance/id\n" +
    '\tfi\n' +
    'fi\n' +
    'exit 0'
]
rejected promise not handled within 1 second: CodeExpectedError: Could not find pty on pty host
stack trace: CodeExpectedError: Could not find pty on pty host
    at g.O (/root/.vscode-server/bin/74f6148eb9ea00507ec113ec51c489d6ffb4b771/out/vs/platform/terminal/node/ptyHostMain.js:28:7243)
    at g.updateIcon (/root/.vscode-server/bin/74f6148eb9ea00507ec113ec51c489d6ffb4b771/out/vs/platform/terminal/node/ptyHostMain.js:28:2735)
    at g.Q.<computed> (/root/.vscode-server/bin/74f6148eb9ea00507ec113ec51c489d6ffb4b771/out/vs/platform/terminal/node/ptyHostMain.js:27:22460)
    at Object.call (/root/.vscode-server/bin/74f6148eb9ea00507ec113ec51c489d6ffb4b771/out/vs/platform/terminal/node/ptyHostMain.js:17:4866)
    at u.s (/root/.vscode-server/bin/74f6148eb9ea00507ec113ec51c489d6ffb4b771/out/vs/platform/terminal/node/ptyHostMain.js:15:5150)
    at u.q (/root/.vscode-server/bin/74f6148eb9ea00507ec113ec51c489d6ffb4b771/out/vs/platform/terminal/node/ptyHostMain.js:15:4661)
    at i.value (/root/.vscode-server/bin/74f6148eb9ea00507ec113ec51c489d6ffb4b771/out/vs/platform/terminal/node/ptyHostMain.js:15:4066)
    at E.w (/root/.vscode-server/bin/74f6148eb9ea00507ec113ec51c489d6ffb4b771/out/vs/platform/terminal/node/ptyHostMain.js:10:1902)
    at E.fire (/root/.vscode-server/bin/74f6148eb9ea00507ec113ec51c489d6ffb4b771/out/vs/platform/terminal/node/ptyHostMain.js:10:2119)
    at process.G (/root/.vscode-server/bin/74f6148eb9ea00507ec113ec51c489d6ffb4b771/out/vs/platform/terminal/node/ptyHostMain.js:8:27085)
    at process.emit (node:events:513:28)
    at emit (node:internal/child_process:939:14)
    at processTicksAndRejections (node:internal/process/task_queues:84:21)
[07:51:02] Error [CodeExpectedError]: Could not find pty on pty host
    at g.O (/root/.vscode-server/bin/74f6148eb9ea00507ec113ec51c489d6ffb4b771/out/vs/platform/terminal/node/ptyHostMain.js:28:7243)
    at g.updateIcon (/root/.vscode-server/bin/74f6148eb9ea00507ec113ec51c489d6ffb4b771/out/vs/platform/terminal/node/ptyHostMain.js:28:2735)
    at g.Q.<computed> (/root/.vscode-server/bin/74f6148eb9ea00507ec113ec51c489d6ffb4b771/out/vs/platform/terminal/node/ptyHostMain.js:27:22460)
    at Object.call (/root/.vscode-server/bin/74f6148eb9ea00507ec113ec51c489d6ffb4b771/out/vs/platform/terminal/node/ptyHostMain.js:17:4866)
    at u.s (/root/.vscode-server/bin/74f6148eb9ea00507ec113ec51c489d6ffb4b771/out/vs/platform/terminal/node/ptyHostMain.js:15:5150)
    at u.q (/root/.vscode-server/bin/74f6148eb9ea00507ec113ec51c489d6ffb4b771/out/vs/platform/terminal/node/ptyHostMain.js:15:4661)
    at i.value (/root/.vscode-server/bin/74f6148eb9ea00507ec113ec51c489d6ffb4b771/out/vs/platform/terminal/node/ptyHostMain.js:15:4066)
    at E.w (/root/.vscode-server/bin/74f6148eb9ea00507ec113ec51c489d6ffb4b771/out/vs/platform/terminal/node/ptyHostMain.js:10:1902)
    at E.fire (/root/.vscode-server/bin/74f6148eb9ea00507ec113ec51c489d6ffb4b771/out/vs/platform/terminal/node/ptyHostMain.js:10:2119)
    at process.G (/root/.vscode-server/bin/74f6148eb9ea00507ec113ec51c489d6ffb4b771/out/vs/platform/terminal/node/ptyHostMain.js:8:27085)
    at process.emit (node:events:513:28)
    at emit (node:internal/child_process:939:14)
    at processTicksAndRejections (node:internal/process/task_queues:84:21)
rejected promise not handled within 1 second: CodeExpectedError: Could not find pty on pty host
stack trace: CodeExpectedError: Could not find pty on pty host
    at g.O (/root/.vscode-server/bin/74f6148eb9ea00507ec113ec51c489d6ffb4b771/out/vs/platform/terminal/node/ptyHostMain.js:28:7243)
    at g.updateTitle (/root/.vscode-server/bin/74f6148eb9ea00507ec113ec51c489d6ffb4b771/out/vs/platform/terminal/node/ptyHostMain.js:28:2685)
    at g.Q.<computed> (/root/.vscode-server/bin/74f6148eb9ea00507ec113ec51c489d6ffb4b771/out/vs/platform/terminal/node/ptyHostMain.js:27:22460)
    at Object.call (/root/.vscode-server/bin/74f6148eb9ea00507ec113ec51c489d6ffb4b771/out/vs/platform/terminal/node/ptyHostMain.js:17:4866)
    at u.s (/root/.vscode-server/bin/74f6148eb9ea00507ec113ec51c489d6ffb4b771/out/vs/platform/terminal/node/ptyHostMain.js:15:5150)
    at u.q (/root/.vscode-server/bin/74f6148eb9ea00507ec113ec51c489d6ffb4b771/out/vs/platform/terminal/node/ptyHostMain.js:15:4661)
    at i.value (/root/.vscode-server/bin/74f6148eb9ea00507ec113ec51c489d6ffb4b771/out/vs/platform/terminal/node/ptyHostMain.js:15:4066)
    at E.w (/root/.vscode-server/bin/74f6148eb9ea00507ec113ec51c489d6ffb4b771/out/vs/platform/terminal/node/ptyHostMain.js:10:1902)
    at E.fire (/root/.vscode-server/bin/74f6148eb9ea00507ec113ec51c489d6ffb4b771/out/vs/platform/terminal/node/ptyHostMain.js:10:2119)
    at process.G (/root/.vscode-server/bin/74f6148eb9ea00507ec113ec51c489d6ffb4b771/out/vs/platform/terminal/node/ptyHostMain.js:8:27085)
    at process.emit (node:events:513:28)
    at emit (node:internal/child_process:939:14)
    at processTicksAndRejections (node:internal/process/task_queues:84:21)
[07:51:02] Error [CodeExpectedError]: Could not find pty on pty host
    at g.O (/root/.vscode-server/bin/74f6148eb9ea00507ec113ec51c489d6ffb4b771/out/vs/platform/terminal/node/ptyHostMain.js:28:7243)
    at g.updateTitle (/root/.vscode-server/bin/74f6148eb9ea00507ec113ec51c489d6ffb4b771/out/vs/platform/terminal/node/ptyHostMain.js:28:2685)
    at g.Q.<computed> (/root/.vscode-server/bin/74f6148eb9ea00507ec113ec51c489d6ffb4b771/out/vs/platform/terminal/node/ptyHostMain.js:27:22460)
    at Object.call (/root/.vscode-server/bin/74f6148eb9ea00507ec113ec51c489d6ffb4b771/out/vs/platform/terminal/node/ptyHostMain.js:17:4866)
    at u.s (/root/.vscode-server/bin/74f6148eb9ea00507ec113ec51c489d6ffb4b771/out/vs/platform/terminal/node/ptyHostMain.js:15:5150)
    at u.q (/root/.vscode-server/bin/74f6148eb9ea00507ec113ec51c489d6ffb4b771/out/vs/platform/terminal/node/ptyHostMain.js:15:4661)
    at i.value (/root/.vscode-server/bin/74f6148eb9ea00507ec113ec51c489d6ffb4b771/out/vs/platform/terminal/node/ptyHostMain.js:15:4066)
    at E.w (/root/.vscode-server/bin/74f6148eb9ea00507ec113ec51c489d6ffb4b771/out/vs/platform/terminal/node/ptyHostMain.js:10:1902)
    at E.fire (/root/.vscode-server/bin/74f6148eb9ea00507ec113ec51c489d6ffb4b771/out/vs/platform/terminal/node/ptyHostMain.js:10:2119)
    at process.G (/root/.vscode-server/bin/74f6148eb9ea00507ec113ec51c489d6ffb4b771/out/vs/platform/terminal/node/ptyHostMain.js:8:27085)
    at process.emit (node:events:513:28)
    at emit (node:internal/child_process:939:14)
    at processTicksAndRejections (node:internal/process/task_queues:84:21)
